------------------------------------------------------------
* /data/proofs/QG-classification/qg5/iso_icl289.smt2  8953,0 ms  1602
split R :  27026,3 ms 158 times 100,000 %
msplitr2:  26861,5 ms 79 times 100,000 %
msplitr3:  27144,0 ms 73 times 100,000 %
------------------------------------------------------------
* /data/proofs/QG-classification/qg5/iso_icl220.smt2  1994,8 ms  1030
split R :   5988,3 ms 195 times 98,738 %
msplitr2:   5990,0 ms 74 times 100,000 %
msplitr3:   5991,6 ms 66 times 100,000 %
------------------------------------------------------------
* /data/proofs/QG-classification/qg5/iso_brn491.smt2  1293,6 ms  1970
split R :   3906,2 ms 26 times 100,000 %
msplitr2:   4031,0 ms 13 times 100,000 %
msplitr3:   3998,6 ms 12 times 100,000 %
------------------------------------------------------------
* /data/proofs/QG-classification/qg5/iso_icl162.smt2  1358,6 ms  1215
split R :   4081,7 ms 61 times 100,000 %
msplitr2:   4132,7 ms 30 times 89,877 %
msplitr3:   4156,4 ms 24 times 61,564 %
------------------------------------------------------------
* /data/proofs/QG-classification/qg5/iso_icl035.smt2  1186,0 ms  1984
split R :   3649,7 ms 26 times 97,984 %
msplitr2:   3611,8 ms 13 times 99,496 %
msplitr3:   3825,0 ms 11 times 100,000 %
------------------------------------------------------------
* /data/proofs/QG-classification/qg5/iso_brn050.smt2  1180,0 ms  1893
split R :   3581,8 ms 25 times 99,472 %
msplitr2:   3727,5 ms 13 times 100,000 %
msplitr3:   3725,2 ms 10 times 100,000 %
------------------------------------------------------------
* /data/proofs/QG-classification/qg5/iso_icl222.smt2  1295,1 ms  1560
split R :   3902,3 ms 44 times 100,000 %
msplitr2:   4058,1 ms 20 times 89,615 %
msplitr3:   3961,0 ms 18 times 100,000 %
------------------------------------------------------------
* /data/proofs/QG-classification/qg5/iso_icl223.smt2  1211,5 ms  1144
split R :   3649,7 ms 46 times 100,000 %
msplitr2:   3738,5 ms 26 times 100,000 %
msplitr3:   3678,1 ms 21 times 100,000 %
------------------------------------------------------------
* /data/proofs/QG-classification/qg5/iso_icl224.smt2  1132,6 ms  1250
split R :   3405,9 ms 46 times 99,920 %
msplitr2:   3466,5 ms 20 times 98,640 %
msplitr3:   3487,1 ms 18 times 100,000 %
------------------------------------------------------------
* /data/proofs/QG-classification/qg5/iso_icl038.smt2  1085,6 ms  1995
split R :   3384,4 ms 24 times 100,000 %
msplitr2:   3263,4 ms 10 times 100,000 %
msplitr3:   3572,3 ms 9 times 100,000 %
------------------------------------------------------------
* /data/proofs/QG-classification/qg5/gensys_icl042.smt2   928,8 ms  1462
split R :   2845,7 ms 37 times 100,000 %
msplitr2:   2823,2 ms 15 times 100,000 %
msplitr3:   2864,4 ms 11 times 100,000 %
------------------------------------------------------------
* /data/proofs/QG-classification/qg5/iso_icl1240.smt2  1281,6 ms  1249
split R :   3878,9 ms 31 times 98,799 %
msplitr2:   4112,5 ms 16 times 100,000 %
msplitr3:   3878,5 ms 14 times 100,000 %
------------------------------------------------------------
* /data/proofs/QG-classification/qg5/iso_icl039.smt2  1536,5 ms  1126
split R :   4987,3 ms 15 times 100,000 %
msplitr2:   5319,3 ms 7 times 100,000 %
msplitr3:   5092,6 ms 5 times 100,000 %
------------------------------------------------------------
* /data/proofs/QG-classification/qg5/iso_icl413.smt2  1517,4 ms  1822
split R :   4603,8 ms 31 times 100,000 %
msplitr2:   4698,6 ms 16 times 99,122 %
msplitr3:   4792,7 ms 13 times 100,000 %
------------------------------------------------------------
* /data/proofs/QG-classification/qg5/iso_brn1082.smt2  2000,3 ms  1870
split R :   6026,5 ms 12 times 100,000 %
msplitr2:   6908,6 ms 6 times 100,000 %
msplitr3:   7400,8 ms 5 times 100,000 %
------------------------------------------------------------
* /data/proofs/QG-classification/qg5/iso_icl1243.smt2  1962,0 ms  1743
split R :   6170,8 ms 16 times 100,000 %
msplitr2:   6028,1 ms 6 times 100,000 %
msplitr3:   6300,9 ms 5 times 100,000 %
------------------------------------------------------------
* /data/proofs/QG-classification/qg5/iso_icl415.smt2  1467,1 ms  1196
split R :   4624,4 ms 21 times 100,000 %
msplitr2:   4644,6 ms 10 times 100,000 %
msplitr3:   4858,8 ms 11 times 100,000 %
------------------------------------------------------------
* /data/proofs/QG-classification/qg5/iso_icl1244.smt2  1794,6 ms  1565
split R :   5385,6 ms 20 times 100,000 %
msplitr2:   5586,8 ms 10 times 100,000 %
msplitr3:   5478,4 ms 10 times 100,000 %
------------------------------------------------------------
* /data/proofs/QG-classification/qg5/iso_icl042.smt2   969,9 ms  1341
split R :   2946,4 ms 38 times 99,105 %
msplitr2:   2968,7 ms 16 times 100,000 %
msplitr3:   2925,8 ms 15 times 100,000 %
------------------------------------------------------------
* /data/proofs/QG-classification/qg5/iso_icl1117.smt2  1542,9 ms  1154
split R :   4919,6 ms 23 times 100,000 %
msplitr2:   4960,5 ms 11 times 100,000 %
msplitr3:   4952,6 ms 10 times 100,000 %
------------------------------------------------------------
* /data/proofs/QG-classification/qg5/iso_brn1084.smt2  1840,9 ms  1817
split R :   5773,6 ms 13 times 100,000 %
msplitr2:   5554,1 ms 7 times 100,000 %
msplitr3:   6080,6 ms 6 times 100,000 %
------------------------------------------------------------
* /data/proofs/QG-classification/qg5/iso_brn058.smt2   913,7 ms  1112
split R :   2758,7 ms 34 times 100,000 %
msplitr2:   2891,7 ms 19 times 100,000 %
msplitr3:   2864,4 ms 10 times 100,000 %
------------------------------------------------------------
* /data/proofs/QG-classification/qg5/iso_icl1245.smt2  1710,8 ms  1727
split R :   5194,5 ms 19 times 99,305 %
msplitr2:   5432,7 ms 9 times 100,000 %
msplitr3:   5749,1 ms 7 times 100,000 %
------------------------------------------------------------
* /data/proofs/QG-classification/qg5/iso_icl043.smt2  1097,0 ms  1263
split R :   3442,2 ms 29 times 100,000 %
msplitr2:   3450,5 ms 17 times 100,000 %
msplitr3:   3372,8 ms 14 times 100,000 %
------------------------------------------------------------
* /data/proofs/QG-classification/qg5/iso_brn245.smt2  1697,3 ms  1874
split R :   5193,3 ms 28 times 100,000 %
msplitr2:   5265,2 ms 13 times 100,000 %
msplitr3:   5390,5 ms 14 times 100,000 %
------------------------------------------------------------
* /data/proofs/QG-classification/qg5/iso_brn059.smt2   791,4 ms  1170
split R :   2382,2 ms 44 times 91,453 %
msplitr2:   2452,7 ms 18 times 100,000 %
msplitr3:   2386,0 ms 16 times 100,000 %
------------------------------------------------------------
* /data/proofs/QG-classification/qg5/iso_icl486.smt2  1144,2 ms  1637
split R :   3445,5 ms 41 times 100,000 %
msplitr2:   3637,1 ms 20 times 100,000 %
msplitr3:   3631,1 ms 16 times 100,000 %
------------------------------------------------------------
* /data/proofs/QG-classification/qg5/iso_brn1086.smt2  1642,0 ms  1775
split R :   5122,2 ms 16 times 100,000 %
msplitr2:   5105,8 ms 7 times 100,000 %
msplitr3:   5647,5 ms 6 times 100,000 %
------------------------------------------------------------
* /data/proofs/QG-classification/qg5/iso_icl045.smt2  1541,3 ms  1837
split R :   4835,9 ms 41 times 100,000 %
msplitr2:   4667,6 ms 18 times 100,000 %
msplitr3:   4918,2 ms 16 times 100,000 %
------------------------------------------------------------
* /data/proofs/QG-classification/qg5/iso_icl232.smt2  1167,0 ms  1116
split R :   3550,6 ms 61 times 100,000 %
msplitr2:   3591,8 ms 24 times 100,000 %
msplitr3:   3678,8 ms 22 times 100,000 %
------------------------------------------------------------
* /data/proofs/QG-classification/qg5/iso_icl047.smt2  1260,4 ms  1496
split R :   3804,1 ms 26 times 100,000 %
msplitr2:   3792,5 ms 13 times 100,000 %
msplitr3:   3801,4 ms 10 times 100,000 %
------------------------------------------------------------
* /data/proofs/QG-classification/qg5/iso_icl361.smt2  1768,2 ms  1834
split R :   5865,1 ms 11 times 100,000 %
msplitr2:   5858,4 ms 6 times 100,000 %
msplitr3:   7166,6 ms 5 times 100,000 %
------------------------------------------------------------
* /data/proofs/QG-classification/qg5/iso_icl420.smt2  1450,2 ms  1232
split R :   4451,2 ms 26 times 100,000 %
msplitr2:   4648,7 ms 12 times 100,000 %
msplitr3:   4613,0 ms 10 times 100,000 %
------------------------------------------------------------
* /data/proofs/QG-classification/qg5/iso_icl1190.smt2  1547,8 ms  1289
split R :   4772,9 ms 18 times 100,000 %
msplitr2:   4743,8 ms 9 times 100,000 %
msplitr3:   5196,0 ms 7 times 100,000 %
------------------------------------------------------------
* /data/proofs/QG-classification/qg5/iso_brn062.smt2  1051,1 ms  1526
split R :   3161,1 ms 34 times 100,000 %
msplitr2:   3309,8 ms 18 times 100,000 %
msplitr3:   3195,3 ms 13 times 100,000 %
------------------------------------------------------------
* /data/proofs/QG-classification/qg5/iso_icl048.smt2  1077,6 ms  1612
split R :   3287,7 ms 42 times 99,876 %
msplitr2:   3318,3 ms 21 times 100,000 %
msplitr3:   3334,8 ms 18 times 100,000 %
------------------------------------------------------------
* /data/proofs/QG-classification/qg5/iso_icl677.smt2  1939,1 ms  1810
split R :   5968,8 ms 13 times 100,000 %
msplitr2:   5948,0 ms 5 times 100,000 %
msplitr3:   6355,9 ms 5 times 100,000 %
------------------------------------------------------------
* /data/proofs/QG-classification/qg5/iso_icl490.smt2  1228,4 ms  1232
split R :   3721,9 ms 42 times 96,429 %
msplitr2:   3754,8 ms 20 times 100,000 %
msplitr3:   3764,6 ms 21 times 96,266 %
------------------------------------------------------------
* /data/proofs/QG-classification/qg5/iso_icl049.smt2  1712,2 ms  1607
split R :   5159,4 ms 13 times 100,000 %
msplitr2:   5812,6 ms 7 times 100,000 %
msplitr3:   6661,9 ms 5 times 100,000 %
------------------------------------------------------------
* /data/proofs/QG-classification/qg5/iso_brn064.smt2  1194,4 ms  1100
split R :   3645,5 ms 47 times 100,000 %
msplitr2:   3625,6 ms 25 times 100,000 %
msplitr3:   3663,7 ms 21 times 100,000 %
------------------------------------------------------------
* /data/proofs/QG-classification/qg5/iso_icl993.smt2  1798,0 ms  1153
split R :   5444,2 ms 35 times 100,000 %
msplitr2:   5430,9 ms 16 times 100,000 %
msplitr3:   5500,8 ms 11 times 100,000 %
------------------------------------------------------------
* /data/proofs/QG-classification/qg5/iso_icl492.smt2  1460,2 ms  1441
split R :   4406,4 ms 44 times 100,000 %
msplitr2:   4443,7 ms 18 times 100,000 %
msplitr3:   4506,7 ms 17 times 100,000 %
------------------------------------------------------------
* /data/proofs/QG-classification/qg5/iso_icl050.smt2   837,0 ms  1095
split R :   2558,0 ms 54 times 99,909 %
msplitr2:   2527,4 ms 27 times 98,813 %
msplitr3:   2573,6 ms 21 times 100,000 %
------------------------------------------------------------
* /data/proofs/QG-classification/qg5/iso_icl739.smt2  1801,7 ms  1025
split R :   5550,0 ms 10 times 100,000 %
msplitr2:   6246,1 ms 5 times 100,000 %
msplitr3:   7919,6 ms 3 times 100,000 %
------------------------------------------------------------
* /data/proofs/QG-classification/qg5/iso_icl238.smt2  1131,7 ms  1342
split R :   3406,9 ms 57 times 100,000 %
msplitr2:   3517,3 ms 22 times 100,000 %
msplitr3:   3528,1 ms 19 times 100,000 %
------------------------------------------------------------
* /data/proofs/QG-classification/qg5/iso_icl051.smt2  1305,6 ms  1045
split R :   3950,0 ms 19 times 100,000 %
msplitr2:   4071,7 ms 8 times 100,000 %
msplitr3:   3991,4 ms 8 times 100,000 %
------------------------------------------------------------
* /data/proofs/QG-classification/qg5/iso_brn067.smt2  1114,5 ms  1910
split R :   3430,2 ms 30 times 100,000 %
msplitr2:   3346,9 ms 14 times 98,325 %
msplitr3:   3577,8 ms 14 times 100,000 %
------------------------------------------------------------
* /data/proofs/QG-classification/qg5/iso_brn1281.smt2  1613,9 ms  1666
split R :   4928,4 ms 25 times 100,000 %
msplitr2:   5193,8 ms 10 times 100,000 %
msplitr3:   5434,3 ms 9 times 100,000 %
------------------------------------------------------------
* /data/proofs/QG-classification/qg5/gensys_icl058.smt2   831,5 ms  1370
split R :   2538,6 ms 45 times 100,000 %
msplitr2:   2531,3 ms 20 times 100,000 %
msplitr3:   2588,3 ms 16 times 100,000 %
------------------------------------------------------------
* /data/proofs/QG-classification/qg5/gensys_icl059.smt2  1166,7 ms  1767
split R :   3597,9 ms 32 times 100,000 %
msplitr2:   3671,0 ms 16 times 100,000 %
msplitr3:   3680,8 ms 13 times 100,000 %
------------------------------------------------------------
* /data/proofs/QG-classification/qg5/iso_icl742.smt2  1901,3 ms  1445
split R :   5863,2 ms 21 times 100,000 %
msplitr2:   5777,6 ms 9 times 100,000 %
msplitr3:   6462,3 ms 8 times 100,000 %
------------------------------------------------------------
* /data/proofs/QG-classification/qg5/iso_icl498.smt2   969,7 ms  1152
split R :   2956,8 ms 44 times 100,000 %
msplitr2:   2993,5 ms 19 times 100,000 %
msplitr3:   3034,1 ms 14 times 100,000 %
------------------------------------------------------------
* /data/proofs/QG-classification/qg5/iso_icl242.smt2  1585,9 ms  1066
split R :   5026,4 ms 27 times 100,000 %
msplitr2:   5083,1 ms 16 times 100,000 %
msplitr3:   5056,2 ms 11 times 100,000 %
------------------------------------------------------------
* /data/proofs/QG-classification/qg5/iso_icl499.smt2   749,3 ms  1000
split R :   2249,0 ms 40 times 100,000 %
msplitr2:   2347,6 ms 20 times 100,000 %
msplitr3:   2250,9 ms 16 times 100,000 %
------------------------------------------------------------
* /data/proofs/QG-classification/qg5/iso_icl872.smt2  2222,0 ms  1209
split R :   6828,1 ms 9 times 100,000 %
msplitr2:   8230,3 ms 6 times 100,000 %
msplitr3:   8076,3 ms 5 times 100,000 %
------------------------------------------------------------
* /data/proofs/QG-classification/qg5/iso_brn505.smt2  1159,0 ms  1671
split R :   3647,1 ms 24 times 100,000 %
msplitr2:   3644,4 ms 12 times 100,000 %
msplitr3:   3574,5 ms 9 times 100,000 %
------------------------------------------------------------
* /data/proofs/QG-classification/qg5/iso_icl1133.smt2  1470,7 ms  1412
split R :   4412,3 ms 41 times 100,000 %
msplitr2:   4534,1 ms 16 times 100,000 %
msplitr3:   4746,5 ms 14 times 100,000 %
------------------------------------------------------------
* /data/proofs/QG-classification/qg5/gensys_icl064.smt2  1007,7 ms  1472
split R :   3080,5 ms 31 times 100,000 %
msplitr2:   3175,7 ms 15 times 100,000 %
msplitr3:   3090,3 ms 12 times 100,000 %
------------------------------------------------------------
* /data/proofs/QG-classification/qg5/iso_icl247.smt2  1249,0 ms  1432
split R :   3804,4 ms 48 times 100,000 %
msplitr2:   3757,7 ms 18 times 100,000 %
msplitr3:   3913,1 ms 18 times 100,000 %
------------------------------------------------------------
* /data/proofs/QG-classification/qg5/iso_icl1135.smt2  1518,7 ms  1678
split R :   4786,2 ms 19 times 100,000 %
msplitr2:   4933,4 ms 10 times 100,000 %
msplitr3:   4642,5 ms 8 times 100,000 %
------------------------------------------------------------
* /data/proofs/QG-classification/qg5/iso_icl434.smt2  2456,3 ms  1747
split R :   7865,1 ms 16 times 100,000 %
msplitr2:   8254,1 ms 7 times 100,000 %
msplitr3:   7440,7 ms 6 times 100,000 %
------------------------------------------------------------
* /data/proofs/QG-classification/qg5/iso_icl749.smt2  1446,3 ms  1137
split R :   4343,6 ms 35 times 99,472 %
msplitr2:   4566,6 ms 20 times 100,000 %
msplitr3:   4772,0 ms 18 times 100,000 %
------------------------------------------------------------
* /data/proofs/QG-classification/qg5/iso_icl1136.smt2  1732,0 ms  1901
split R :   5233,1 ms 11 times 100,000 %
msplitr2:   6325,6 ms 7 times 100,000 %
msplitr3:   5743,9 ms 6 times 100,000 %
------------------------------------------------------------
* /data/proofs/QG-classification/qg5/iso_icl1264.smt2  2326,6 ms  1668
split R :   7225,6 ms 13 times 100,000 %
msplitr2:   7954,3 ms 5 times 100,000 %
msplitr3:   7329,9 ms 5 times 100,000 %
------------------------------------------------------------
* /data/proofs/QG-classification/qg5/iso_brn391.smt2  1166,0 ms  1807
split R :   3571,7 ms 26 times 100,000 %
msplitr2:   3818,4 ms 12 times 100,000 %
msplitr3:   3716,4 ms 10 times 89,209 %
------------------------------------------------------------
* /data/proofs/QG-classification/qg5/iso_icl062.smt2   868,7 ms  1200
split R :   2678,4 ms 32 times 100,000 %
msplitr2:   2695,7 ms 18 times 100,000 %
msplitr3:   2743,0 ms 14 times 100,000 %
------------------------------------------------------------
* /data/proofs/QG-classification/qg5/iso_icl1137.smt2  1457,1 ms  1268
split R :   4480,9 ms 28 times 100,000 %
msplitr2:   4524,2 ms 12 times 100,000 %
msplitr3:   4507,3 ms 12 times 100,000 %
------------------------------------------------------------
* /data/proofs/QG-classification/qg5/iso_icl1079.smt2  1765,6 ms  1824
split R :   5410,4 ms 18 times 100,000 %
msplitr2:   5700,0 ms 10 times 100,000 %
msplitr3:   5850,3 ms 9 times 100,000 %
------------------------------------------------------------
* /data/proofs/QG-classification/qg5/iso_icl1138.smt2  2383,0 ms  1814
split R :   7803,7 ms 9 times 100,000 %
msplitr2:   7930,2 ms 5 times 100,000 %
msplitr3:   9035,6 ms 5 times 99,724 %
------------------------------------------------------------
* /data/proofs/QG-classification/qg5/iso_icl692.smt2  1442,6 ms  1477
split R :   4381,7 ms 18 times 99,661 %
msplitr2:   4361,2 ms 12 times 100,000 %
msplitr3:   4578,8 ms 11 times 100,000 %
------------------------------------------------------------
* /data/proofs/QG-classification/qg5/iso_icl751.smt2  1570,4 ms  1590
split R :   4847,0 ms 15 times 100,000 %
msplitr2:   5117,4 ms 7 times 100,000 %
msplitr3:   5342,4 ms 5 times 92,830 %
------------------------------------------------------------
* /data/proofs/QG-classification/qg5/iso_icl1010.smt2  1287,9 ms  1067
split R :   3998,9 ms 13 times 100,000 %
msplitr2:   4005,6 ms 8 times 100,000 %
msplitr3:   4299,7 ms 6 times 100,000 %
------------------------------------------------------------
* /data/proofs/QG-classification/qg5/iso_icl064.smt2   868,6 ms  1048
split R :   2674,3 ms 45 times 100,000 %
msplitr2:   2728,8 ms 27 times 100,000 %
msplitr3:   2786,7 ms 22 times 100,000 %
------------------------------------------------------------
* /data/proofs/QG-classification/qg5/iso_icl379.smt2   907,6 ms  1047
split R :   2733,4 ms 37 times 100,000 %
msplitr2:   2807,0 ms 18 times 100,000 %
msplitr3:   2992,1 ms 15 times 100,000 %
------------------------------------------------------------
* /data/proofs/QG-classification/qg5/iso_brn1037.smt2  1450,9 ms  1603
split R :   4406,0 ms 37 times 100,000 %
msplitr2:   4605,3 ms 16 times 100,000 %
msplitr3:   4612,6 ms 13 times 100,000 %
------------------------------------------------------------
* /data/proofs/QG-classification/qg5/iso_icl693.smt2  2088,7 ms  1796
split R :   6434,3 ms 17 times 98,330 %
msplitr2:   6694,5 ms 8 times 100,000 %
msplitr3:   6867,1 ms 9 times 100,000 %
------------------------------------------------------------
* /data/proofs/QG-classification/qg5/iso_icl310.smt2  1148,8 ms  1617
split R :   3450,8 ms 41 times 100,000 %
msplitr2:   3659,1 ms 16 times 100,000 %
msplitr3:   3454,7 ms 12 times 100,000 %
------------------------------------------------------------
* /data/proofs/QG-classification/qg5/iso_icl439.smt2  1652,5 ms  1092
split R :   4989,3 ms 28 times 100,000 %
msplitr2:   5290,8 ms 14 times 100,000 %
msplitr3:   5426,7 ms 11 times 100,000 %
------------------------------------------------------------
* /data/proofs/QG-classification/qg5/iso_icl567.smt2  1794,2 ms  1976
split R :   5434,6 ms 18 times 100,000 %
msplitr2:   5542,6 ms 6 times 100,000 %
msplitr3:   6333,6 ms 5 times 100,000 %
------------------------------------------------------------
* /data/proofs/QG-classification/qg5/iso_icl311.smt2  1107,6 ms  1332
split R :   3438,6 ms 30 times 100,000 %
msplitr2:   3522,4 ms 16 times 100,000 %
msplitr3:   3557,4 ms 13 times 100,000 %
------------------------------------------------------------
* /data/proofs/QG-classification/qg5/iso_icl1081.smt2  1609,5 ms  1939
split R :   5139,3 ms 14 times 100,000 %
msplitr2:   5273,7 ms 7 times 100,000 %
msplitr3:   5098,8 ms 7 times 100,000 %
------------------------------------------------------------
* /data/proofs/QG-classification/qg5/iso_icl1141.smt2  2276,2 ms  1716
split R :   7005,4 ms 12 times 100,000 %
msplitr2:   7708,3 ms 7 times 100,000 %
msplitr3:   7909,6 ms 6 times 100,000 %
------------------------------------------------------------
* /data/proofs/QG-classification/qg5/iso_icl440.smt2  1719,0 ms  1827
split R :   5571,7 ms 10 times 100,000 %
msplitr2:   5969,8 ms 5 times 100,000 %
msplitr3:   5931,9 ms 4 times 100,000 %
------------------------------------------------------------
* /data/proofs/QG-classification/qg5/iso_icl313.smt2  1170,9 ms  1071
split R :   3547,3 ms 70 times 100,000 %
msplitr2:   3523,7 ms 21 times 100,000 %
msplitr3:   3652,2 ms 26 times 100,000 %
------------------------------------------------------------
* /data/proofs/QG-classification/qg5/gensys_icl003.smt2   908,7 ms  1099
split R :   2742,5 ms 54 times 100,000 %
msplitr2:   2795,3 ms 24 times 100,000 %
msplitr3:   2838,5 ms 21 times 100,000 %
------------------------------------------------------------
* /data/proofs/QG-classification/qg5/iso_icl441.smt2  1786,8 ms  1789
split R :   5393,3 ms 23 times 89,100 %
msplitr2:   5383,8 ms 13 times 100,000 %
msplitr3:   5386,1 ms 11 times 100,000 %
------------------------------------------------------------
* /data/proofs/QG-classification/qg5/iso_brn457.smt2  1393,1 ms  1980
split R :   4370,4 ms 24 times 100,000 %
msplitr2:   4385,4 ms 12 times 100,000 %
msplitr3:   4388,3 ms 9 times 100,000 %
------------------------------------------------------------
* /data/proofs/QG-classification/qg5/gensys_icl004.smt2   920,5 ms  1527
split R :   2800,2 ms 31 times 100,000 %
msplitr2:   2922,4 ms 16 times 100,000 %
msplitr3:   2912,4 ms 13 times 100,000 %
------------------------------------------------------------
* /data/proofs/QG-classification/qg5/iso_icl1271.smt2   926,6 ms  1220
split R :   2819,3 ms 38 times 100,000 %
msplitr2:   2926,4 ms 18 times 100,000 %
msplitr3:   2872,9 ms 13 times 100,000 %
------------------------------------------------------------
* /data/proofs/QG-classification/qg5/iso_brn016.smt2  1868,4 ms  1968
split R :   5798,3 ms 15 times 100,000 %
msplitr2:   5632,2 ms 7 times 100,000 %
msplitr3:   6285,8 ms 6 times 100,000 %
------------------------------------------------------------
* /data/proofs/QG-classification/qg5/iso_icl1017.smt2  2015,0 ms  1384
split R :   6128,0 ms 10 times 100,000 %
msplitr2:   7589,0 ms 7 times 100,000 %
msplitr3:   6137,4 ms 5 times 100,000 %
------------------------------------------------------------
* /data/proofs/QG-classification/qg5/iso_icl001.smt2  1009,0 ms  1351
split R :   3072,5 ms 41 times 100,000 %
msplitr2:   3057,9 ms 18 times 100,000 %
msplitr3:   3076,3 ms 16 times 100,000 %
------------------------------------------------------------
* /data/proofs/QG-classification/qg5/iso_icl258.smt2  1021,8 ms  1053
split R :   3163,7 ms 37 times 100,000 %
msplitr2:   3104,0 ms 19 times 100,000 %
msplitr3:   3125,5 ms 15 times 100,000 %
------------------------------------------------------------
* /data/proofs/QG-classification/qg5/gensys_icl1190.smt2  1223,9 ms  1196
split R :   3704,3 ms 38 times 100,000 %
msplitr2:   3818,7 ms 18 times 100,000 %
msplitr3:   3774,4 ms 14 times 100,000 %
------------------------------------------------------------
* /data/proofs/QG-classification/qg5/iso_brn019.smt2  1844,7 ms  1972
split R :   5642,9 ms 17 times 100,000 %
msplitr2:   6088,4 ms 8 times 100,000 %
msplitr3:   6124,0 ms 7 times 100,000 %
------------------------------------------------------------
* /data/proofs/QG-classification/qg5/iso_icl1209.smt2  2390,7 ms  1877
split R :   7484,2 ms 18 times 100,000 %
msplitr2:   8116,7 ms 7 times 100,000 %
msplitr3:   7682,6 ms 6 times 100,000 %
------------------------------------------------------------
* /data/proofs/QG-classification/qg5/iso_icl1091.smt2  1404,5 ms  1893
split R :   4262,2 ms 37 times 99,577 %
msplitr2:   4411,3 ms 17 times 100,000 %
msplitr3:   4227,5 ms 14 times 100,000 %
------------------------------------------------------------
* /data/proofs/QG-classification/qg5/iso_icl891.smt2  1276,0 ms  1346
split R :   3882,0 ms 59 times 100,000 %
msplitr2:   3881,0 ms 29 times 100,000 %
msplitr3:   3891,5 ms 24 times 100,000 %
------------------------------------------------------------
* /data/proofs/QG-classification/qg5/iso_icl263.smt2  1282,1 ms  1073
split R :   3865,0 ms 51 times 100,000 %
msplitr2:   3997,4 ms 27 times 100,000 %
msplitr3:   3961,5 ms 25 times 100,000 %
------------------------------------------------------------
* /data/proofs/QG-classification/qg5/iso_icl008.smt2  1509,1 ms  1297
split R :   4775,0 ms 17 times 100,000 %
msplitr2:   4990,3 ms 9 times 100,000 %
msplitr3:   4669,6 ms 7 times 100,000 %
------------------------------------------------------------
* /data/proofs/QG-classification/qg5/iso_icl892.smt2  1372,9 ms  1440
split R :   4142,8 ms 33 times 99,931 %
msplitr2:   4405,9 ms 11 times 100,000 %
msplitr3:   4131,2 ms 10 times 100,000 %
------------------------------------------------------------
* /data/proofs/QG-classification/qg5/iso_icl391.smt2  1026,2 ms  1274
split R :   3111,0 ms 42 times 100,000 %
msplitr2:   3110,9 ms 18 times 100,000 %
msplitr3:   3098,8 ms 16 times 100,000 %
------------------------------------------------------------
* /data/proofs/QG-classification/qg5/iso_icl392.smt2  1030,9 ms  1102
split R :   3107,8 ms 52 times 95,826 %
msplitr2:   3246,6 ms 27 times 100,000 %
msplitr3:   3152,6 ms 19 times 94,646 %
------------------------------------------------------------
* /data/proofs/QG-classification/qg5/iso_icl1094.smt2   955,9 ms  1150
split R :   2874,7 ms 29 times 100,000 %
msplitr2:   2968,1 ms 16 times 100,000 %
msplitr3:   2950,5 ms 14 times 100,000 %
------------------------------------------------------------
* /data/proofs/QG-classification/qg5/iso_icl393.smt2  1135,3 ms  1516
split R :   3467,4 ms 33 times 98,813 %
msplitr2:   3623,8 ms 14 times 100,000 %
msplitr3:   3491,5 ms 12 times 100,000 %
------------------------------------------------------------
* /data/proofs/QG-classification/qg5/iso_icl010.smt2  2108,9 ms  1842
split R :   6864,7 ms 9 times 100,000 %
msplitr2:   7421,3 ms 5 times 100,000 %
msplitr3:   6766,4 ms 4 times 100,000 %
------------------------------------------------------------
* /data/proofs/QG-classification/qg5/iso_icl267.smt2  1553,9 ms  1973
split R :   4737,1 ms 26 times 100,000 %
msplitr2:   4833,6 ms 10 times 100,000 %
msplitr3:   4750,5 ms 9 times 100,000 %
------------------------------------------------------------
* /data/proofs/QG-classification/qg5/iso_brn213.smt2  1501,9 ms  1775
split R :   4621,6 ms 18 times 100,000 %
msplitr2:   4538,9 ms 10 times 100,000 %
msplitr3:   4612,8 ms 8 times 100,000 %
------------------------------------------------------------
* /data/proofs/QG-classification/qg5/iso_icl395.smt2  1074,5 ms  1175
split R :   3273,9 ms 54 times 100,000 %
msplitr2:   3332,8 ms 24 times 100,000 %
msplitr3:   3258,7 ms 21 times 100,000 %
------------------------------------------------------------
* /data/proofs/QG-classification/qg5/iso_brn027.smt2  1595,0 ms  1698
split R :   4928,6 ms 25 times 99,293 %
msplitr2:   4972,8 ms 14 times 100,000 %
msplitr3:   4786,2 ms 13 times 100,000 %
------------------------------------------------------------
* /data/proofs/QG-classification/qg5/iso_icl1214.smt2  1730,6 ms  1795
split R :   5200,6 ms 14 times 100,000 %
msplitr2:   5542,3 ms 7 times 100,000 %
msplitr3:   6084,7 ms 6 times 100,000 %
------------------------------------------------------------
* /data/proofs/QG-classification/qg5/iso_brn1181.smt2  1489,6 ms  1379
split R :   4531,6 ms 32 times 100,000 %
msplitr2:   4560,9 ms 15 times 100,000 %
msplitr3:   4532,1 ms 14 times 100,000 %
------------------------------------------------------------
* /data/proofs/QG-classification/qg5/iso_brn028.smt2  1545,2 ms  1732
split R :   4670,2 ms 46 times 100,000 %
msplitr2:   4734,1 ms 18 times 100,000 %
msplitr3:   4899,4 ms 16 times 100,000 %
------------------------------------------------------------
* /data/proofs/QG-classification/qg5/iso_icl269.smt2  1498,7 ms  1332
split R :   4551,6 ms 47 times 99,925 %
msplitr2:   4513,5 ms 19 times 100,000 %
msplitr3:   4733,6 ms 16 times 100,000 %
------------------------------------------------------------
* /data/proofs/QG-classification/qg5/iso_icl898.smt2  1804,0 ms  1196
split R :   5436,0 ms 49 times 100,000 %
msplitr2:   5597,5 ms 26 times 100,000 %
msplitr3:   5465,4 ms 20 times 100,000 %
------------------------------------------------------------
* /data/proofs/QG-classification/qg5/iso_icl899.smt2   928,3 ms  1573
split R :   2794,5 ms 25 times 100,000 %
msplitr2:   2848,3 ms 13 times 100,000 %
msplitr3:   3004,0 ms 12 times 100,000 %
------------------------------------------------------------
* /data/proofs/QG-classification/qg5/iso_icl398.smt2  1083,8 ms  1128
split R :   3256,9 ms 33 times 100,000 %
msplitr2:   3322,0 ms 18 times 100,000 %
msplitr3:   3570,3 ms 14 times 100,000 %
------------------------------------------------------------
* /data/proofs/QG-classification/qg5/iso_icl958.smt2  2618,1 ms  1399
split R :   8102,3 ms 15 times 100,000 %
msplitr2:   8476,9 ms 8 times 100,000 %
msplitr3:   9102,0 ms 9 times 100,000 %
------------------------------------------------------------
* /data/proofs/QG-classification/qg5/iso_icl015.smt2  2352,3 ms  1747
split R :   7532,0 ms 9 times 100,000 %
msplitr2:   8080,6 ms 5 times 100,000 %
msplitr3:   7866,8 ms 4 times 100,000 %
------------------------------------------------------------
* /data/proofs/QG-classification/qg5/iso_brn217.smt2  1432,1 ms  1502
split R :   4350,9 ms 35 times 100,000 %
msplitr2:   4361,4 ms 15 times 100,000 %
msplitr3:   4330,0 ms 13 times 100,000 %
------------------------------------------------------------
* /data/proofs/QG-classification/qg5/iso_brn1059.smt2  1638,7 ms  1181
split R :   5132,0 ms 18 times 100,000 %
msplitr2:   5185,0 ms 11 times 100,000 %
msplitr3:   4936,4 ms 10 times 100,000 %
------------------------------------------------------------
* /data/proofs/QG-classification/qg5/iso_icl774.smt2  1048,7 ms  1457
split R :   3161,0 ms 46 times 100,000 %
msplitr2:   3278,4 ms 28 times 100,000 %
msplitr3:   3175,6 ms 23 times 100,000 %
------------------------------------------------------------
* /data/proofs/QG-classification/qg5/iso_icl018.smt2  2064,6 ms  1620
split R :   6299,3 ms 21 times 99,815 %
msplitr2:   6602,0 ms 8 times 100,000 %
msplitr3:   6207,5 ms 7 times 100,000 %
------------------------------------------------------------
* /data/proofs/QG-classification/qg5/iso_brn1187.smt2  1491,7 ms  1832
split R :   4528,1 ms 28 times 100,000 %
msplitr2:   4776,3 ms 12 times 100,000 %
msplitr3:   4623,3 ms 8 times 100,000 %
------------------------------------------------------------
* /data/proofs/QG-classification/qg5/iso_icl205.smt2  1742,1 ms  1149
split R :   5273,3 ms 107 times 100,000 %
msplitr2:   5323,7 ms 37 times 100,000 %
msplitr3:   5361,5 ms 41 times 100,000 %
------------------------------------------------------------
* /data/proofs/QG-classification/qg5/iso_icl206.smt2  1622,2 ms  1444
split R :   5008,7 ms 56 times 100,000 %
msplitr2:   5048,3 ms 20 times 100,000 %
msplitr3:   4999,5 ms 19 times 100,000 %
------------------------------------------------------------
* /data/proofs/QG-classification/qg5/iso_icl334.smt2  1364,4 ms  1342
split R :   4127,0 ms 40 times 100,000 %
msplitr2:   4122,3 ms 17 times 100,000 %
msplitr3:   4321,9 ms 14 times 100,000 %
------------------------------------------------------------
* /data/proofs/QG-classification/qg5/iso_brn036.smt2  1250,1 ms  1360
split R :   3761,6 ms 33 times 100,000 %
msplitr2:   3897,0 ms 16 times 100,000 %
msplitr3:   3868,5 ms 13 times 100,000 %
------------------------------------------------------------
* /data/proofs/QG-classification/qg5/iso_icl1037.smt2  2090,8 ms  1452
split R :   6284,8 ms 41 times 100,000 %
msplitr2:   6445,2 ms 22 times 100,000 %
msplitr3:   6359,9 ms 19 times 100,000 %
------------------------------------------------------------
* /data/proofs/QG-classification/qg5/iso_icl022.smt2  1780,3 ms  1711
split R :   5611,0 ms 16 times 100,000 %
msplitr2:   5728,4 ms 8 times 100,000 %
msplitr3:   5901,2 ms 6 times 100,000 %
------------------------------------------------------------
* /data/proofs/QG-classification/qg5/iso_icl465.smt2  1407,5 ms  1525
split R :   4354,6 ms 18 times 100,000 %
msplitr2:   4633,9 ms 8 times 100,000 %
msplitr3:   4609,9 ms 5 times 100,000 %
------------------------------------------------------------
* /data/proofs/QG-classification/qg5/iso_icl1039.smt2  1325,8 ms  1255
split R :   4111,7 ms 37 times 100,000 %
msplitr2:   4070,5 ms 15 times 100,000 %
msplitr3:   4140,7 ms 13 times 100,000 %
------------------------------------------------------------
* /data/proofs/QG-classification/qg5/iso_icl023.smt2  1516,8 ms  1727
split R :   4653,4 ms 19 times 100,000 %
msplitr2:   4869,7 ms 9 times 100,000 %
msplitr3:   5155,2 ms 7 times 100,000 %
------------------------------------------------------------
* /data/proofs/QG-classification/qg5/iso_brn411.smt2  1167,7 ms  1844
split R :   3601,3 ms 25 times 100,000 %
msplitr2:   3600,4 ms 12 times 99,458 %
msplitr3:   3765,2 ms 9 times 100,000 %
------------------------------------------------------------
* /data/proofs/QG-classification/qg5/iso_icl211.smt2  1542,7 ms  1666
split R :   4645,3 ms 35 times 100,000 %
msplitr2:   4792,0 ms 17 times 100,000 %
msplitr3:   4978,9 ms 14 times 100,000 %
------------------------------------------------------------
* /data/proofs/QG-classification/qg5/iso_icl025.smt2  1144,8 ms  1463
split R :   3459,2 ms 26 times 100,000 %
msplitr2:   3478,6 ms 12 times 100,000 %
msplitr3:   3725,2 ms 12 times 100,000 %
------------------------------------------------------------
* /data/proofs/QG-classification/qg5/iso_icl1228.smt2  1627,2 ms  1482
split R :   4957,8 ms 38 times 100,000 %
msplitr2:   4921,8 ms 17 times 100,000 %
msplitr3:   4966,8 ms 11 times 100,000 %
------------------------------------------------------------
* /data/proofs/QG-classification/qg5/iso_icl212.smt2  1301,5 ms  1212
split R :   3962,3 ms 65 times 100,000 %
msplitr2:   3989,6 ms 36 times 100,000 %
msplitr3:   3976,8 ms 28 times 100,000 %
------------------------------------------------------------
* /data/proofs/QG-classification/qg5/iso_brn041.smt2  1560,6 ms  1960
split R :   4894,9 ms 13 times 100,000 %
msplitr2:   5264,0 ms 6 times 100,000 %
msplitr3:   5573,0 ms 5 times 100,000 %
------------------------------------------------------------
* /data/proofs/QG-classification/qg5/iso_icl155.smt2  1593,1 ms  1622
split R :   4864,8 ms 30 times 100,000 %
msplitr2:   4919,4 ms 13 times 97,842 %
msplitr3:   4887,2 ms 10 times 100,000 %
------------------------------------------------------------
* /data/proofs/QG-classification/qg5/iso_icl598.smt2  1794,5 ms  1667
split R :   5468,2 ms 37 times 99,940 %
msplitr2:   5565,3 ms 14 times 100,000 %
msplitr3:   5586,3 ms 11 times 100,000 %
------------------------------------------------------------
* /data/proofs/QG-classification/qg5/iso_icl470.smt2  1152,4 ms  1138
split R :   3475,0 ms 46 times 99,736 %
msplitr2:   3471,2 ms 24 times 100,000 %
msplitr3:   3493,0 ms 21 times 100,000 %
------------------------------------------------------------
* /data/proofs/QG-classification/qg5/iso_icl284.smt2  1327,4 ms  1258
split R :   4087,2 ms 47 times 100,000 %
msplitr2:   4222,7 ms 20 times 100,000 %
msplitr3:   3989,8 ms 16 times 100,000 %
------------------------------------------------------------
* /data/proofs/QG-classification/qg5/iso_icl029.smt2  2358,7 ms  1770
split R :   7388,8 ms 8 times 100,000 %
msplitr2:   7912,4 ms 7 times 100,000 %
msplitr3:   7878,3 ms 5 times 100,000 %
------------------------------------------------------------
* /data/proofs/QG-classification/qg5/iso_icl1045.smt2  1696,8 ms  1656
split R :   5190,3 ms 32 times 99,940 %
msplitr2:   5790,5 ms 14 times 100,000 %
msplitr3:   5306,3 ms 12 times 100,000 %
------------------------------------------------------------
* /data/proofs/QG-classification/qg5/iso_brn045.smt2  1167,4 ms  1873
split R :   3605,7 ms 29 times 99,947 %
msplitr2:   3612,6 ms 12 times 99,253 %
msplitr3:   3805,0 ms 11 times 100,000 %
------------------------------------------------------------
* /data/proofs/QG-classification/qg5/iso_icl404.smt2  1845,2 ms  1932
split R :   5778,8 ms 16 times 100,000 %
msplitr2:   6204,8 ms 6 times 99,379 %
msplitr3:   6361,6 ms 5 times 100,000 %
------------------------------------------------------------
* /data/proofs/QG-classification/qg5/iso_icl1174.smt2  1881,8 ms  1887
split R :   5765,4 ms 14 times 100,000 %
msplitr2:   6566,2 ms 7 times 100,000 %
msplitr3:   5739,7 ms 5 times 100,000 %
------------------------------------------------------------
* /data/proofs/QG-classification/qg5/iso_icl218.smt2  1271,5 ms  1457
split R :   3874,8 ms 33 times 99,657 %
msplitr2:   3880,1 ms 13 times 100,000 %
msplitr3:   3844,9 ms 12 times 100,000 %
------------------------------------------------------------
* /data/proofs/QG-classification/qg5/iso_icl788.smt2  1220,0 ms  1074
split R :   3673,9 ms 56 times 100,000 %
msplitr2:   3696,5 ms 17 times 99,162 %
msplitr3:   3736,0 ms 17 times 100,000 %
------------------------------------------------------------
* /data/proofs/QG-classification/qg5/iso_icl031.smt2   977,4 ms  1408
split R :   3048,6 ms 32 times 100,000 %
msplitr2:   3102,3 ms 17 times 100,000 %
msplitr3:   3112,3 ms 16 times 100,000 %
------------------------------------------------------------
* /data/proofs/QG-classification/qg5/iso_icl405.smt2   920,4 ms  1080
split R :   2762,5 ms 48 times 98,426 %
msplitr2:   2774,5 ms 24 times 100,000 %
msplitr3:   2779,9 ms 23 times 100,000 %
------------------------------------------------------------
* /data/proofs/QG-classification/qg5/iso_icl032.smt2  1845,8 ms  1280
split R :   5583,5 ms 17 times 100,000 %
msplitr2:   5672,3 ms 9 times 100,000 %
msplitr3:   6439,6 ms 9 times 100,000 %
------------------------------------------------------------
* /data/proofs/QG-classification/qg5/iso_icl406.smt2  1203,0 ms  1703
split R :   3784,3 ms 21 times 100,000 %
msplitr2:   3735,0 ms 11 times 100,000 %
msplitr3:   3672,8 ms 9 times 100,000 %
------------------------------------------------------------
* /data/proofs/QG-classification/qg5/iso_icl720.smt2  1761,8 ms  1550
split R :   5354,3 ms 23 times 100,000 %
msplitr2:   5467,2 ms 9 times 100,000 %
msplitr3:   5411,9 ms 8 times 100,000 %
------------------------------------------------------------
* /data/proofs/QG-classification/loops6/iso_brn005.smt2  1786,9 ms  1693
split R :   5383,7 ms 57 times 99,823 %
msplitr2:   5393,6 ms 29 times 98,464 %
msplitr3:   5416,7 ms 27 times 99,646 %
------------------------------------------------------------
* /data/proofs/QG-classification/loops6/iso_brn016.smt2  1706,0 ms  1557
split R :   5322,6 ms 32 times 100,000 %
msplitr2:   5381,9 ms 19 times 100,000 %
msplitr3:   5468,3 ms 17 times 100,000 %
------------------------------------------------------------
* /data/proofs/QG-classification/loops6/iso_icl003.smt2  1526,0 ms  1440
split R :   4620,1 ms 105 times 98,681 %
msplitr2:   4581,4 ms 50 times 98,889 %
msplitr3:   4622,8 ms 44 times 100,000 %
------------------------------------------------------------
* /data/proofs/QG-classification/loops6/iso_icl004.smt2  1826,2 ms  1829
split R :   5542,2 ms 44 times 99,508 %
msplitr2:   5538,6 ms 21 times 100,000 %
msplitr3:   5509,6 ms 19 times 100,000 %
------------------------------------------------------------
* /data/proofs/QG-classification/loops6/iso_brn020.smt2  1683,5 ms  1894
split R :   5245,6 ms 50 times 100,000 %
msplitr2:   5293,1 ms 24 times 100,000 %
msplitr3:   5183,0 ms 22 times 100,000 %
------------------------------------------------------------
* /data/proofs/QG-classification/loops6/gensys_icl016.smt2  1427,6 ms  1536
split R :   4286,6 ms 67 times 91,276 %
msplitr2:   4356,5 ms 37 times 100,000 %
msplitr3:   4295,2 ms 32 times 89,648 %
------------------------------------------------------------
* /data/proofs/QG-classification/loops6/gensys_icl017.smt2  1613,4 ms  1641
split R :   4886,0 ms 69 times 99,634 %
msplitr2:   4951,3 ms 36 times 98,050 %
msplitr3:   4926,5 ms 29 times 100,000 %
------------------------------------------------------------
* /data/proofs/QG-classification/loops6/iso_icl019.smt2  1422,8 ms  1277
split R :   4272,6 ms 91 times 99,217 %
msplitr2:   4316,1 ms 47 times 100,000 %
msplitr3:   4324,5 ms 47 times 97,181 %
------------------------------------------------------------
* /data/proofs/QG-classification/loops6/iso_icl092.smt2  1644,1 ms  1578
split R :   4952,7 ms 50 times 100,000 %
msplitr2:   4966,9 ms 23 times 99,747 %
msplitr3:   4942,1 ms 19 times 100,000 %
------------------------------------------------------------
* /data/proofs/SmallProofs/dubois30.proof  6604,5 ms  1828
split R :  19872,9 ms 446 times 100,000 %
msplitr2:  19918,9 ms 178 times 100,000 %
msplitr3:  19839,3 ms 146 times 100,000 %
------------------------------------------------------------
* /data/proofs/SmallProofs/dubois25.proof  4399,1 ms  1147
split R :  13227,8 ms 470 times 100,000 %
msplitr2:  13252,0 ms 210 times 100,000 %
msplitr3:  13236,9 ms 169 times 100,000 %
------------------------------------------------------------
* /data/proofs/SmallProofs/dubois20.proof  2492,7 ms  1014
split R :   7486,2 ms 333 times 100,000 %
msplitr2:   7499,1 ms 144 times 100,000 %
msplitr3:   7479,8 ms 121 times 100,000 %
------------------------------------------------------------
* /data/proofs/SmallProofs/bf0432-007.proof  2905,8 ms  11061
split R :   9236,4 ms 11 times 100,000 %
msplitr2:   8810,2 ms 5 times 100,000 %
msplitr3:  10603,1 ms 3 times 100,000 %
------------------------------------------------------------

------------------------------------------------------------
split R :   1609,0 ms 40,9 times 99,699 %
msplitr2:   1655,4 ms 18,9 times 99,796 %
msplitr3:   1674,9 ms 16,1 times 99,583 %
------------------------------------------------------------
